

Started GET "/" for 127.0.0.1 at 2014-09-07 12:27:14 -0600

ActiveRecord::PendingMigrationError (

Migrations are pending. To resolve this issue, run:

	bin/rake db:migrate RAILS_ENV=development

):
  activerecord (4.1.5) lib/active_record/migration.rb:389:in `check_pending!'
  activerecord (4.1.5) lib/active_record/migration.rb:377:in `call'
  actionpack (4.1.5) lib/action_dispatch/middleware/callbacks.rb:29:in `block in call'
  activesupport (4.1.5) lib/active_support/callbacks.rb:82:in `run_callbacks'
  actionpack (4.1.5) lib/action_dispatch/middleware/callbacks.rb:27:in `call'
  actionpack (4.1.5) lib/action_dispatch/middleware/reloader.rb:73:in `call'
  actionpack (4.1.5) lib/action_dispatch/middleware/remote_ip.rb:76:in `call'
  actionpack (4.1.5) lib/action_dispatch/middleware/debug_exceptions.rb:17:in `call'
  actionpack (4.1.5) lib/action_dispatch/middleware/show_exceptions.rb:30:in `call'
  railties (4.1.5) lib/rails/rack/logger.rb:38:in `call_app'
  railties (4.1.5) lib/rails/rack/logger.rb:20:in `block in call'
  activesupport (4.1.5) lib/active_support/tagged_logging.rb:68:in `block in tagged'
  activesupport (4.1.5) lib/active_support/tagged_logging.rb:26:in `tagged'
  activesupport (4.1.5) lib/active_support/tagged_logging.rb:68:in `tagged'
  railties (4.1.5) lib/rails/rack/logger.rb:20:in `call'
  actionpack (4.1.5) lib/action_dispatch/middleware/request_id.rb:21:in `call'
  rack (1.5.2) lib/rack/methodoverride.rb:21:in `call'
  rack (1.5.2) lib/rack/runtime.rb:17:in `call'
  activesupport (4.1.5) lib/active_support/cache/strategy/local_cache_middleware.rb:26:in `call'
  rack (1.5.2) lib/rack/lock.rb:17:in `call'
  actionpack (4.1.5) lib/action_dispatch/middleware/static.rb:64:in `call'
  rack (1.5.2) lib/rack/sendfile.rb:112:in `call'
  railties (4.1.5) lib/rails/engine.rb:514:in `call'
  railties (4.1.5) lib/rails/application.rb:144:in `call'
  rack (1.5.2) lib/rack/lock.rb:17:in `call'
  rack (1.5.2) lib/rack/content_length.rb:14:in `call'
  rack (1.5.2) lib/rack/handler/webrick.rb:60:in `service'
  /home/oscar/.rvm/rubies/ruby-2.1.0/lib/ruby/2.1.0/webrick/httpserver.rb:138:in `service'
  /home/oscar/.rvm/rubies/ruby-2.1.0/lib/ruby/2.1.0/webrick/httpserver.rb:94:in `run'
  /home/oscar/.rvm/rubies/ruby-2.1.0/lib/ruby/2.1.0/webrick/server.rb:295:in `block in start_thread'


  Rendered /home/oscar/.gem/ruby/2.1.0/gems/actionpack-4.1.5/lib/action_dispatch/middleware/templates/rescues/_source.erb (0.5ms)
  Rendered /home/oscar/.gem/ruby/2.1.0/gems/actionpack-4.1.5/lib/action_dispatch/middleware/templates/rescues/_trace.html.erb (1.3ms)
  Rendered /home/oscar/.gem/ruby/2.1.0/gems/actionpack-4.1.5/lib/action_dispatch/middleware/templates/rescues/_request_and_response.html.erb (1.0ms)
  Rendered /home/oscar/.gem/ruby/2.1.0/gems/actionpack-4.1.5/lib/action_dispatch/middleware/templates/rescues/diagnostics.erb within rescues/layout (22.5ms)
  [1m[36m (319.8ms)[0m  [1mCREATE TABLE "schema_migrations" ("version" varchar(255) NOT NULL) [0m
  [1m[35m (0.1ms)[0m  select sqlite_version(*)
  [1m[36m (266.9ms)[0m  [1mCREATE UNIQUE INDEX "unique_schema_migrations" ON "schema_migrations" ("version")[0m
  [1m[35mActiveRecord::SchemaMigration Load (0.3ms)[0m  SELECT "schema_migrations".* FROM "schema_migrations"
Migrating to CreateGulucas (20140907182654)
  [1m[36m (0.1ms)[0m  [1mbegin transaction[0m
  [1m[35m (0.5ms)[0m  CREATE TABLE "gulucas" ("id" INTEGER PRIMARY KEY AUTOINCREMENT NOT NULL, "nombre" varchar(255), "correo" varchar(255), "created_at" datetime, "updated_at" datetime) 
  [1m[36mSQL (0.3ms)[0m  [1mINSERT INTO "schema_migrations" ("version") VALUES (?)[0m  [["version", "20140907182654"]]
  [1m[35m (241.8ms)[0m  commit transaction
  [1m[36mActiveRecord::SchemaMigration Load (0.2ms)[0m  [1mSELECT "schema_migrations".* FROM "schema_migrations"[0m


Started GET "/" for 127.0.0.1 at 2014-09-07 12:29:05 -0600
  [1m[36mActiveRecord::SchemaMigration Load (0.1ms)[0m  [1mSELECT "schema_migrations".* FROM "schema_migrations"[0m
Processing by Rails::WelcomeController#index as HTML
  Rendered /home/oscar/.gem/ruby/2.1.0/gems/railties-4.1.5/lib/rails/templates/rails/welcome/index.html.erb (1.5ms)
Completed 200 OK in 35ms (Views: 22.3ms | ActiveRecord: 0.0ms)


Started GET "/cosa" for 127.0.0.1 at 2014-09-07 12:29:24 -0600

ActionController::RoutingError (No route matches [GET] "/cosa"):
  actionpack (4.1.5) lib/action_dispatch/middleware/debug_exceptions.rb:21:in `call'
  actionpack (4.1.5) lib/action_dispatch/middleware/show_exceptions.rb:30:in `call'
  railties (4.1.5) lib/rails/rack/logger.rb:38:in `call_app'
  railties (4.1.5) lib/rails/rack/logger.rb:20:in `block in call'
  activesupport (4.1.5) lib/active_support/tagged_logging.rb:68:in `block in tagged'
  activesupport (4.1.5) lib/active_support/tagged_logging.rb:26:in `tagged'
  activesupport (4.1.5) lib/active_support/tagged_logging.rb:68:in `tagged'
  railties (4.1.5) lib/rails/rack/logger.rb:20:in `call'
  actionpack (4.1.5) lib/action_dispatch/middleware/request_id.rb:21:in `call'
  rack (1.5.2) lib/rack/methodoverride.rb:21:in `call'
  rack (1.5.2) lib/rack/runtime.rb:17:in `call'
  activesupport (4.1.5) lib/active_support/cache/strategy/local_cache_middleware.rb:26:in `call'
  rack (1.5.2) lib/rack/lock.rb:17:in `call'
  actionpack (4.1.5) lib/action_dispatch/middleware/static.rb:64:in `call'
  rack (1.5.2) lib/rack/sendfile.rb:112:in `call'
  railties (4.1.5) lib/rails/engine.rb:514:in `call'
  railties (4.1.5) lib/rails/application.rb:144:in `call'
  rack (1.5.2) lib/rack/lock.rb:17:in `call'
  rack (1.5.2) lib/rack/content_length.rb:14:in `call'
  rack (1.5.2) lib/rack/handler/webrick.rb:60:in `service'
  /home/oscar/.rvm/rubies/ruby-2.1.0/lib/ruby/2.1.0/webrick/httpserver.rb:138:in `service'
  /home/oscar/.rvm/rubies/ruby-2.1.0/lib/ruby/2.1.0/webrick/httpserver.rb:94:in `run'
  /home/oscar/.rvm/rubies/ruby-2.1.0/lib/ruby/2.1.0/webrick/server.rb:295:in `block in start_thread'


  Rendered /home/oscar/.gem/ruby/2.1.0/gems/actionpack-4.1.5/lib/action_dispatch/middleware/templates/rescues/_trace.html.erb (1.0ms)
  Rendered /home/oscar/.gem/ruby/2.1.0/gems/actionpack-4.1.5/lib/action_dispatch/middleware/templates/routes/_route.html.erb (1.7ms)
  Rendered /home/oscar/.gem/ruby/2.1.0/gems/actionpack-4.1.5/lib/action_dispatch/middleware/templates/routes/_table.html.erb (29.7ms)
  Rendered /home/oscar/.gem/ruby/2.1.0/gems/actionpack-4.1.5/lib/action_dispatch/middleware/templates/rescues/routing_error.html.erb within rescues/layout (157.0ms)


Started GET "/gulucas" for 127.0.0.1 at 2014-09-07 12:29:40 -0600
Processing by GulucasController#index as HTML
  [1m[35mGuluca Load (0.1ms)[0m  SELECT "gulucas".* FROM "gulucas"
  Rendered gulucas/index.html.erb within layouts/application (1.6ms)
Completed 200 OK in 492ms (Views: 489.0ms | ActiveRecord: 0.1ms)


Started GET "/assets/gulucas.css?body=1" for 127.0.0.1 at 2014-09-07 12:29:40 -0600


Started GET "/assets/scaffolds.css?body=1" for 127.0.0.1 at 2014-09-07 12:29:40 -0600


Started GET "/assets/application.css?body=1" for 127.0.0.1 at 2014-09-07 12:29:40 -0600


Started GET "/assets/jquery.js?body=1" for 127.0.0.1 at 2014-09-07 12:29:40 -0600


Started GET "/assets/jquery_ujs.js?body=1" for 127.0.0.1 at 2014-09-07 12:29:40 -0600


Started GET "/assets/gulucas.js?body=1" for 127.0.0.1 at 2014-09-07 12:29:40 -0600


Started GET "/assets/application.js?body=1" for 127.0.0.1 at 2014-09-07 12:29:40 -0600


Started GET "/assets/turbolinks.js?body=1" for 127.0.0.1 at 2014-09-07 12:29:40 -0600


Started GET "/gulucas/new" for 127.0.0.1 at 2014-09-07 12:29:45 -0600
Processing by GulucasController#new as HTML
  Rendered gulucas/_form.html.erb (60.7ms)
  Rendered gulucas/new.html.erb within layouts/application (62.2ms)
Completed 200 OK in 106ms (Views: 104.4ms | ActiveRecord: 0.4ms)


Started POST "/gulucas" for 127.0.0.1 at 2014-09-07 12:30:50 -0600
Processing by GulucasController#create as HTML
  Parameters: {"utf8"=>"✓", "authenticity_token"=>"Km4ppZLopjbVPxLvm2NFShZsg7NUpapjNW9GvV7Z4HE=", "guluca"=>{"nombre"=>"", "correo"=>""}, "commit"=>"Create Guluca"}
  [1m[36m (0.1ms)[0m  [1mbegin transaction[0m
  [1m[35mSQL (0.4ms)[0m  INSERT INTO "gulucas" ("correo", "created_at", "nombre", "updated_at") VALUES (?, ?, ?, ?)  [["correo", ""], ["created_at", "2014-09-07 18:30:50.475584"], ["nombre", ""], ["updated_at", "2014-09-07 18:30:50.475584"]]
  [1m[36m (157.6ms)[0m  [1mcommit transaction[0m
Redirected to http://localhost:3000/gulucas/1
Completed 302 Found in 176ms (ActiveRecord: 158.1ms)


Started GET "/gulucas/1" for 127.0.0.1 at 2014-09-07 12:30:50 -0600
Processing by GulucasController#show as HTML
  Parameters: {"id"=>"1"}
  [1m[35mGuluca Load (0.2ms)[0m  SELECT  "gulucas".* FROM "gulucas"  WHERE "gulucas"."id" = ? LIMIT 1  [["id", 1]]
  Rendered gulucas/show.html.erb within layouts/application (0.9ms)
Completed 200 OK in 41ms (Views: 39.4ms | ActiveRecord: 0.2ms)


Started GET "/assets/gulucas.css?body=1" for 127.0.0.1 at 2014-09-07 12:30:50 -0600


Started GET "/assets/jquery_ujs.js?body=1" for 127.0.0.1 at 2014-09-07 12:30:50 -0600


Started GET "/assets/scaffolds.css?body=1" for 127.0.0.1 at 2014-09-07 12:30:50 -0600


Started GET "/assets/turbolinks.js?body=1" for 127.0.0.1 at 2014-09-07 12:30:50 -0600


Started GET "/assets/jquery.js?body=1" for 127.0.0.1 at 2014-09-07 12:30:50 -0600


Started GET "/assets/gulucas.js?body=1" for 127.0.0.1 at 2014-09-07 12:30:50 -0600


Started GET "/assets/application.css?body=1" for 127.0.0.1 at 2014-09-07 12:30:50 -0600


Started GET "/assets/application.js?body=1" for 127.0.0.1 at 2014-09-07 12:30:50 -0600


Started GET "/gulucas" for 127.0.0.1 at 2014-09-07 12:30:56 -0600
Processing by GulucasController#index as HTML
  [1m[36mGuluca Load (0.2ms)[0m  [1mSELECT "gulucas".* FROM "gulucas"[0m
  Rendered gulucas/index.html.erb within layouts/application (2.7ms)
Completed 200 OK in 58ms (Views: 57.1ms | ActiveRecord: 0.2ms)


Started DELETE "/gulucas/1" for 127.0.0.1 at 2014-09-07 12:31:00 -0600
Processing by GulucasController#destroy as HTML
  Parameters: {"authenticity_token"=>"Km4ppZLopjbVPxLvm2NFShZsg7NUpapjNW9GvV7Z4HE=", "id"=>"1"}
  [1m[35mGuluca Load (0.1ms)[0m  SELECT  "gulucas".* FROM "gulucas"  WHERE "gulucas"."id" = ? LIMIT 1  [["id", 1]]
  [1m[36m (0.1ms)[0m  [1mbegin transaction[0m
  [1m[35mSQL (0.2ms)[0m  DELETE FROM "gulucas" WHERE "gulucas"."id" = ?  [["id", 1]]
  [1m[36m (151.8ms)[0m  [1mcommit transaction[0m
Redirected to http://localhost:3000/gulucas
Completed 302 Found in 155ms (ActiveRecord: 152.1ms)


Started GET "/gulucas" for 127.0.0.1 at 2014-09-07 12:31:00 -0600
Processing by GulucasController#index as HTML
  [1m[35mGuluca Load (0.4ms)[0m  SELECT "gulucas".* FROM "gulucas"
  Rendered gulucas/index.html.erb within layouts/application (1.7ms)
Completed 200 OK in 50ms (Views: 48.9ms | ActiveRecord: 0.4ms)


Started GET "/assets/gulucas.css?body=1" for 127.0.0.1 at 2014-09-07 12:31:00 -0600


Started GET "/assets/scaffolds.css?body=1" for 127.0.0.1 at 2014-09-07 12:31:00 -0600


Started GET "/assets/application.css?body=1" for 127.0.0.1 at 2014-09-07 12:31:00 -0600


Started GET "/assets/jquery.js?body=1" for 127.0.0.1 at 2014-09-07 12:31:00 -0600
